2021-07-18 01:09:16,538 [INFO] com.dailycodebuffer.SpringLoggingApplication [main] Starting SpringLoggingApplication using Java 15.0.2 on DESKTOP-4AERHTV with PID 11404 (C:\Users\brenin\Desktop\codigoMelhorBreno\spring-logging\target\classes started by brenin in C:\Users\brenin\Desktop\codigoMelhorBreno\spring-logging)
2021-07-18 01:09:16,539 [DEBUG] com.dailycodebuffer.SpringLoggingApplication [main] Running with Spring Boot v2.5.2, Spring v5.3.8
2021-07-18 01:09:16,539 [INFO] com.dailycodebuffer.SpringLoggingApplication [main] No active profile set, falling back to default profiles: default
2021-07-18 01:09:17,084 [INFO] org.springframework.boot.web.embedded.tomcat.TomcatWebServer [main] Tomcat initialized with port(s): 8080 (http)
2021-07-18 01:09:17,092 [INFO] org.apache.catalina.core.StandardService [main] Starting service [Tomcat]
2021-07-18 01:09:17,092 [INFO] org.apache.catalina.core.StandardEngine [main] Starting Servlet engine: [Apache Tomcat/9.0.48]
2021-07-18 01:09:17,144 [INFO] org.apache.catalina.core.ContainerBase.[Tomcat].[localhost].[/] [main] Initializing Spring embedded WebApplicationContext
2021-07-18 01:09:17,144 [INFO] org.springframework.boot.web.servlet.context.ServletWebServerApplicationContext [main] Root WebApplicationContext: initialization completed in 576 ms
2021-07-18 01:09:17,376 [INFO] org.springframework.boot.web.embedded.tomcat.TomcatWebServer [main] Tomcat started on port(s): 8080 (http) with context path ''
2021-07-18 01:09:17,383 [INFO] com.dailycodebuffer.SpringLoggingApplication [main] Started SpringLoggingApplication in 1.12 seconds (JVM running for 1.648)
2021-07-18 01:09:20,144 [INFO] org.apache.catalina.core.ContainerBase.[Tomcat].[localhost].[/] [http-nio-8080-exec-2] Initializing Spring DispatcherServlet 'dispatcherServlet'
2021-07-18 01:09:20,144 [INFO] org.springframework.web.servlet.DispatcherServlet [http-nio-8080-exec-2] Initializing Servlet 'dispatcherServlet'
2021-07-18 01:09:20,145 [INFO] org.springframework.web.servlet.DispatcherServlet [http-nio-8080-exec-2] Completed initialization in 1 ms
2021-07-18 01:09:20,159 [TRACE] com.dailycodebuffer.HomeController [http-nio-8080-exec-2] FATAL ERROR
2021-07-18 01:09:23,708 [TRACE] com.dailycodebuffer.HomeController [http-nio-8080-exec-3] FATAL ERROR
2021-07-18 01:10:52,212 [TRACE] com.dailycodebuffer.HomeController [http-nio-8080-exec-5] FATAL ERROR
2021-07-18 01:11:13,827 [INFO] org.springframework.boot.admin.SpringApplicationAdminMXBeanRegistrar$SpringApplicationAdmin [RMI TCP Connection(5)-127.0.0.1] Application shutdown requested.
2021-07-18 01:16:28,975 [INFO] com.dailycodebuffer.SpringLoggingApplication [main] Starting SpringLoggingApplication using Java 15.0.2 on DESKTOP-4AERHTV with PID 12052 (C:\Users\brenin\Desktop\codigoMelhorBreno\spring-logging\target\classes started by brenin in C:\Users\brenin\Desktop\codigoMelhorBreno\spring-logging)
2021-07-18 01:16:28,977 [DEBUG] com.dailycodebuffer.SpringLoggingApplication [main] Running with Spring Boot v2.5.2, Spring v5.3.8
2021-07-18 01:16:28,977 [INFO] com.dailycodebuffer.SpringLoggingApplication [main] No active profile set, falling back to default profiles: default
2021-07-18 01:16:29,556 [INFO] org.springframework.boot.web.embedded.tomcat.TomcatWebServer [main] Tomcat initialized with port(s): 8080 (http)
2021-07-18 01:16:29,563 [INFO] org.apache.catalina.core.StandardService [main] Starting service [Tomcat]
2021-07-18 01:16:29,564 [INFO] org.apache.catalina.core.StandardEngine [main] Starting Servlet engine: [Apache Tomcat/9.0.48]
2021-07-18 01:16:29,617 [INFO] org.apache.catalina.core.ContainerBase.[Tomcat].[localhost].[/] [main] Initializing Spring embedded WebApplicationContext
2021-07-18 01:16:29,617 [INFO] org.springframework.boot.web.servlet.context.ServletWebServerApplicationContext [main] Root WebApplicationContext: initialization completed in 610 ms
2021-07-18 01:16:29,851 [INFO] org.springframework.boot.web.embedded.tomcat.TomcatWebServer [main] Tomcat started on port(s): 8080 (http) with context path ''
2021-07-18 01:16:29,858 [INFO] com.dailycodebuffer.SpringLoggingApplication [main] Started SpringLoggingApplication in 1.166 seconds (JVM running for 1.731)
2021-07-18 01:16:44,024 [INFO] org.apache.catalina.core.ContainerBase.[Tomcat].[localhost].[/] [http-nio-8080-exec-2] Initializing Spring DispatcherServlet 'dispatcherServlet'
2021-07-18 01:16:44,025 [INFO] org.springframework.web.servlet.DispatcherServlet [http-nio-8080-exec-2] Initializing Servlet 'dispatcherServlet'
2021-07-18 01:16:44,027 [INFO] org.springframework.web.servlet.DispatcherServlet [http-nio-8080-exec-2] Completed initialization in 1 ms
2021-07-18 01:16:58,864 [INFO] org.springframework.boot.admin.SpringApplicationAdminMXBeanRegistrar$SpringApplicationAdmin [RMI TCP Connection(4)-127.0.0.1] Application shutdown requested.
2021-07-18 01:17:48,520 [INFO] com.dailycodebuffer.SpringLoggingApplication [main] Starting SpringLoggingApplication using Java 15.0.2 on DESKTOP-4AERHTV with PID 5624 (C:\Users\brenin\Desktop\codigoMelhorBreno\spring-logging\target\classes started by brenin in C:\Users\brenin\Desktop\codigoMelhorBreno\spring-logging)
2021-07-18 01:17:48,521 [DEBUG] com.dailycodebuffer.SpringLoggingApplication [main] Running with Spring Boot v2.5.2, Spring v5.3.8
2021-07-18 01:17:48,521 [INFO] com.dailycodebuffer.SpringLoggingApplication [main] No active profile set, falling back to default profiles: default
2021-07-18 01:17:49,106 [INFO] org.springframework.boot.web.embedded.tomcat.TomcatWebServer [main] Tomcat initialized with port(s): 8080 (http)
2021-07-18 01:17:49,114 [INFO] org.apache.catalina.core.StandardService [main] Starting service [Tomcat]
2021-07-18 01:17:49,114 [INFO] org.apache.catalina.core.StandardEngine [main] Starting Servlet engine: [Apache Tomcat/9.0.48]
2021-07-18 01:17:49,167 [INFO] org.apache.catalina.core.ContainerBase.[Tomcat].[localhost].[/] [main] Initializing Spring embedded WebApplicationContext
2021-07-18 01:17:49,167 [INFO] org.springframework.boot.web.servlet.context.ServletWebServerApplicationContext [main] Root WebApplicationContext: initialization completed in 616 ms
2021-07-18 01:17:49,381 [WARN] org.springframework.boot.web.servlet.context.AnnotationConfigServletWebServerApplicationContext [main] Exception encountered during context initialization - cancelling refresh attempt: org.springframework.context.ApplicationContextException: Failed to start bean 'webServerStartStop'; nested exception is org.springframework.boot.web.server.PortInUseException: Port 8080 is already in use
2021-07-18 01:17:49,384 [INFO] org.apache.catalina.core.StandardService [main] Stopping service [Tomcat]
2021-07-18 01:17:49,392 [INFO] org.springframework.boot.autoconfigure.logging.ConditionEvaluationReportLoggingListener [main] 

Error starting ApplicationContext. To display the conditions report re-run your application with 'debug' enabled.
2021-07-18 01:17:49,402 [ERROR] org.springframework.boot.diagnostics.LoggingFailureAnalysisReporter [main] 

***************************
APPLICATION FAILED TO START
***************************

Description:

Web server failed to start. Port 8080 was already in use.

Action:

Identify and stop the process that's listening on port 8080 or configure this application to listen on another port.

2021-07-18 01:17:59,595 [INFO] com.dailycodebuffer.SpringLoggingApplication [main] Starting SpringLoggingApplication using Java 15.0.2 on DESKTOP-4AERHTV with PID 12652 (C:\Users\brenin\Desktop\codigoMelhorBreno\spring-logging\target\classes started by brenin in C:\Users\brenin\Desktop\codigoMelhorBreno\spring-logging)
2021-07-18 01:17:59,596 [DEBUG] com.dailycodebuffer.SpringLoggingApplication [main] Running with Spring Boot v2.5.2, Spring v5.3.8
2021-07-18 01:17:59,596 [INFO] com.dailycodebuffer.SpringLoggingApplication [main] No active profile set, falling back to default profiles: default
2021-07-18 01:18:00,138 [INFO] org.springframework.boot.web.embedded.tomcat.TomcatWebServer [main] Tomcat initialized with port(s): 8080 (http)
2021-07-18 01:18:00,144 [INFO] org.apache.catalina.core.StandardService [main] Starting service [Tomcat]
2021-07-18 01:18:00,145 [INFO] org.apache.catalina.core.StandardEngine [main] Starting Servlet engine: [Apache Tomcat/9.0.48]
2021-07-18 01:18:00,195 [INFO] org.apache.catalina.core.ContainerBase.[Tomcat].[localhost].[/] [main] Initializing Spring embedded WebApplicationContext
2021-07-18 01:18:00,196 [INFO] org.springframework.boot.web.servlet.context.ServletWebServerApplicationContext [main] Root WebApplicationContext: initialization completed in 572 ms
2021-07-18 01:18:00,442 [INFO] org.springframework.boot.web.embedded.tomcat.TomcatWebServer [main] Tomcat started on port(s): 8080 (http) with context path ''
2021-07-18 01:18:00,448 [INFO] com.dailycodebuffer.SpringLoggingApplication [main] Started SpringLoggingApplication in 1.124 seconds (JVM running for 1.659)
2021-07-18 01:18:06,079 [INFO] org.apache.catalina.core.ContainerBase.[Tomcat].[localhost].[/] [http-nio-8080-exec-2] Initializing Spring DispatcherServlet 'dispatcherServlet'
2021-07-18 01:18:06,079 [INFO] org.springframework.web.servlet.DispatcherServlet [http-nio-8080-exec-2] Initializing Servlet 'dispatcherServlet'
2021-07-18 01:18:06,080 [INFO] org.springframework.web.servlet.DispatcherServlet [http-nio-8080-exec-2] Completed initialization in 1 ms
2021-07-18 01:18:06,093 [TRACE] com.dailycodebuffer.HomeController [http-nio-8080-exec-2] FATAL ERRORsssssssssssssss
